{"C:\\Users\\User\\meal-scheduler\\src\\App.jsx": {"path":"C:\\Users\\User\\meal-scheduler\\src\\App.jsx","statementMap":{"0":{"start":{"line":7,"column":2},"end":{"line":11,"column":4}}},"fnMap":{"0":{"name":"App","decl":{"start":{"line":6,"column":9},"end":{"line":6,"column":12}},"loc":{"start":{"line":6,"column":15},"end":{"line":12,"column":1}},"line":6}},"branchMap":{},"s":{"0":0},"f":{"0":0},"b":{}}
,"C:\\Users\\User\\meal-scheduler\\src\\main.jsx": {"path":"C:\\Users\\User\\meal-scheduler\\src\\main.jsx","statementMap":{"0":{"start":{"line":8,"column":0},"end":{"line":16,"column":1}}},"fnMap":{},"branchMap":{},"s":{"0":0},"f":{},"b":{}}
,"C:\\Users\\User\\meal-scheduler\\src\\components\\DayCell.jsx": {"path":"C:\\Users\\User\\meal-scheduler\\src\\components\\DayCell.jsx","statementMap":{"0":{"start":{"line":6,"column":20},"end":{"line":6,"column":52}},"1":{"start":{"line":9,"column":31},"end":{"line":15,"column":6}},"2":{"start":{"line":12,"column":12},"end":{"line":12,"column":52}},"3":{"start":{"line":12,"column":21},"end":{"line":12,"column":52}},"4":{"start":{"line":14,"column":25},"end":{"line":14,"column":47}},"5":{"start":{"line":18,"column":21},"end":{"line":20,"column":12}},"6":{"start":{"line":19,"column":28},"end":{"line":19,"column":62}},"7":{"start":{"line":22,"column":4},"end":{"line":38,"column":6}},"8":{"start":{"line":33,"column":24},"end":{"line":33,"column":71}}},"fnMap":{"0":{"name":"DayCell","decl":{"start":{"line":5,"column":24},"end":{"line":5,"column":31}},"loc":{"start":{"line":5,"column":60},"end":{"line":39,"column":1}},"line":5},"1":{"name":"(anonymous_1)","decl":{"start":{"line":11,"column":14},"end":{"line":11,"column":15}},"loc":{"start":{"line":11,"column":24},"end":{"line":13,"column":9}},"line":11},"2":{"name":"(anonymous_2)","decl":{"start":{"line":14,"column":17},"end":{"line":14,"column":18}},"loc":{"start":{"line":14,"column":25},"end":{"line":14,"column":47}},"line":14},"3":{"name":"(anonymous_3)","decl":{"start":{"line":19,"column":23},"end":{"line":19,"column":24}},"loc":{"start":{"line":19,"column":28},"end":{"line":19,"column":62}},"line":19},"4":{"name":"(anonymous_4)","decl":{"start":{"line":32,"column":34},"end":{"line":32,"column":35}},"loc":{"start":{"line":33,"column":24},"end":{"line":33,"column":71}},"line":33}},"branchMap":{"0":{"loc":{"start":{"line":6,"column":20},"end":{"line":6,"column":52}},"type":"cond-expr","locations":[{"start":{"line":6,"column":26},"end":{"line":6,"column":45}},{"start":{"line":6,"column":48},"end":{"line":6,"column":52}}],"line":6},"1":{"loc":{"start":{"line":12,"column":12},"end":{"line":12,"column":52}},"type":"if","locations":[{"start":{"line":12,"column":12},"end":{"line":12,"column":52}},{"start":{},"end":{}}],"line":12},"2":{"loc":{"start":{"line":18,"column":21},"end":{"line":20,"column":12}},"type":"cond-expr","locations":[{"start":{"line":19,"column":10},"end":{"line":19,"column":63}},{"start":{"line":20,"column":10},"end":{"line":20,"column":12}}],"line":18},"3":{"loc":{"start":{"line":26,"column":18},"end":{"line":26,"column":73}},"type":"cond-expr","locations":[{"start":{"line":26,"column":24},"end":{"line":26,"column":57}},{"start":{"line":26,"column":60},"end":{"line":26,"column":73}}],"line":26},"4":{"loc":{"start":{"line":27,"column":18},"end":{"line":27,"column":45}},"type":"cond-expr","locations":[{"start":{"line":27,"column":27},"end":{"line":27,"column":40}},{"start":{"line":27,"column":43},"end":{"line":27,"column":45}}],"line":27},"5":{"loc":{"start":{"line":29,"column":13},"end":{"line":36,"column":13}},"type":"binary-expr","locations":[{"start":{"line":29,"column":13},"end":{"line":29,"column":16}},{"start":{"line":30,"column":16},"end":{"line":35,"column":19}}],"line":29}},"s":{"0":0,"1":0,"2":0,"3":0,"4":0,"5":0,"6":0,"7":0,"8":0},"f":{"0":0,"1":0,"2":0,"3":0,"4":0},"b":{"0":[0,0],"1":[0,0],"2":[0,0],"3":[0,0],"4":[0,0],"5":[0,0]}}
,"C:\\Users\\User\\meal-scheduler\\src\\components\\DraggableMeal.jsx": {"path":"C:\\Users\\User\\meal-scheduler\\src\\components\\DraggableMeal.jsx","statementMap":{"0":{"start":{"line":6,"column":29},"end":{"line":6,"column":43}},"1":{"start":{"line":7,"column":35},"end":{"line":13,"column":7}},"2":{"start":{"line":7,"column":50},"end":{"line":13,"column":5}},"3":{"start":{"line":10,"column":31},"end":{"line":12,"column":9}},"4":{"start":{"line":15,"column":4},"end":{"line":57,"column":6}},"5":{"start":{"line":32,"column":35},"end":{"line":32,"column":47}},"6":{"start":{"line":41,"column":35},"end":{"line":41,"column":52}},"7":{"start":{"line":49,"column":35},"end":{"line":49,"column":127}}},"fnMap":{"0":{"name":"DraggableMeal","decl":{"start":{"line":5,"column":9},"end":{"line":5,"column":22}},"loc":{"start":{"line":5,"column":50},"end":{"line":58,"column":1}},"line":5},"1":{"name":"(anonymous_1)","decl":{"start":{"line":7,"column":43},"end":{"line":7,"column":44}},"loc":{"start":{"line":7,"column":50},"end":{"line":13,"column":5}},"line":7},"2":{"name":"(anonymous_2)","decl":{"start":{"line":10,"column":17},"end":{"line":10,"column":18}},"loc":{"start":{"line":10,"column":31},"end":{"line":12,"column":9}},"line":10},"3":{"name":"(anonymous_3)","decl":{"start":{"line":32,"column":29},"end":{"line":32,"column":30}},"loc":{"start":{"line":32,"column":35},"end":{"line":32,"column":47}},"line":32},"4":{"name":"(anonymous_4)","decl":{"start":{"line":41,"column":29},"end":{"line":41,"column":30}},"loc":{"start":{"line":41,"column":35},"end":{"line":41,"column":52}},"line":41},"5":{"name":"(anonymous_5)","decl":{"start":{"line":49,"column":29},"end":{"line":49,"column":30}},"loc":{"start":{"line":49,"column":35},"end":{"line":49,"column":127}},"line":49}},"branchMap":{"0":{"loc":{"start":{"line":18,"column":30},"end":{"line":18,"column":50}},"type":"cond-expr","locations":[{"start":{"line":18,"column":43},"end":{"line":18,"column":46}},{"start":{"line":18,"column":49},"end":{"line":18,"column":50}}],"line":18},"1":{"loc":{"start":{"line":23,"column":21},"end":{"line":23,"column":99}},"type":"cond-expr","locations":[{"start":{"line":23,"column":53},"end":{"line":23,"column":57}},{"start":{"line":23,"column":60},"end":{"line":23,"column":99}}],"line":23},"2":{"loc":{"start":{"line":23,"column":60},"end":{"line":23,"column":99}},"type":"cond-expr","locations":[{"start":{"line":23,"column":88},"end":{"line":23,"column":92}},{"start":{"line":23,"column":95},"end":{"line":23,"column":99}}],"line":23}},"s":{"0":0,"1":0,"2":0,"3":0,"4":0,"5":0,"6":0,"7":0},"f":{"0":0,"1":0,"2":0,"3":0,"4":0,"5":0},"b":{"0":[0,0],"1":[0,0],"2":[0,0]}}
,"C:\\Users\\User\\meal-scheduler\\src\\components\\DraggableMiniMeal.jsx": {"path":"C:\\Users\\User\\meal-scheduler\\src\\components\\DraggableMiniMeal.jsx","statementMap":{"0":{"start":{"line":5,"column":35},"end":{"line":11,"column":7}},"1":{"start":{"line":5,"column":50},"end":{"line":11,"column":5}},"2":{"start":{"line":8,"column":31},"end":{"line":10,"column":9}},"3":{"start":{"line":13,"column":4},"end":{"line":27,"column":6}}},"fnMap":{"0":{"name":"DraggableMiniMeal","decl":{"start":{"line":4,"column":9},"end":{"line":4,"column":26}},"loc":{"start":{"line":4,"column":37},"end":{"line":28,"column":1}},"line":4},"1":{"name":"(anonymous_1)","decl":{"start":{"line":5,"column":43},"end":{"line":5,"column":44}},"loc":{"start":{"line":5,"column":50},"end":{"line":11,"column":5}},"line":5},"2":{"name":"(anonymous_2)","decl":{"start":{"line":8,"column":17},"end":{"line":8,"column":18}},"loc":{"start":{"line":8,"column":31},"end":{"line":10,"column":9}},"line":8}},"branchMap":{"0":{"loc":{"start":{"line":17,"column":30},"end":{"line":17,"column":50}},"type":"cond-expr","locations":[{"start":{"line":17,"column":43},"end":{"line":17,"column":46}},{"start":{"line":17,"column":49},"end":{"line":17,"column":50}}],"line":17},"1":{"loc":{"start":{"line":20,"column":13},"end":{"line":24,"column":22}},"type":"cond-expr","locations":[{"start":{"line":21,"column":18},"end":{"line":21,"column":22}},{"start":{"line":22,"column":18},"end":{"line":24,"column":22}}],"line":20},"2":{"loc":{"start":{"line":22,"column":18},"end":{"line":24,"column":22}},"type":"cond-expr","locations":[{"start":{"line":23,"column":18},"end":{"line":23,"column":22}},{"start":{"line":24,"column":18},"end":{"line":24,"column":22}}],"line":22}},"s":{"0":0,"1":0,"2":0,"3":0},"f":{"0":0,"1":0,"2":0},"b":{"0":[0,0],"1":[0,0],"2":[0,0]}}
,"C:\\Users\\User\\meal-scheduler\\src\\components\\DropTargetButton.jsx": {"path":"C:\\Users\\User\\meal-scheduler\\src\\components\\DropTargetButton.jsx","statementMap":{"0":{"start":{"line":6,"column":23},"end":{"line":6,"column":35}},"1":{"start":{"line":7,"column":40},"end":{"line":7,"column":55}},"2":{"start":{"line":10,"column":8},"end":{"line":13,"column":9}},"3":{"start":{"line":11,"column":12},"end":{"line":11,"column":45}},"4":{"start":{"line":12,"column":12},"end":{"line":12,"column":38}},"5":{"start":{"line":16,"column":32},"end":{"line":51,"column":6}},"6":{"start":{"line":18,"column":31},"end":{"line":20,"column":9}},"7":{"start":{"line":22,"column":12},"end":{"line":26,"column":13}},"8":{"start":{"line":23,"column":16},"end":{"line":23,"column":35}},"9":{"start":{"line":24,"column":16},"end":{"line":24,"column":37}},"10":{"start":{"line":25,"column":16},"end":{"line":25,"column":23}},"11":{"start":{"line":28,"column":12},"end":{"line":33,"column":13}},"12":{"start":{"line":29,"column":16},"end":{"line":32,"column":24}},"13":{"start":{"line":30,"column":20},"end":{"line":30,"column":30}},"14":{"start":{"line":31,"column":20},"end":{"line":31,"column":46}},"15":{"start":{"line":35,"column":12},"end":{"line":35,"column":32}},"16":{"start":{"line":39,"column":12},"end":{"line":39,"column":31}},"17":{"start":{"line":41,"column":27},"end":{"line":41,"column":56}},"18":{"start":{"line":42,"column":28},"end":{"line":42,"column":52}},"19":{"start":{"line":43,"column":12},"end":{"line":43,"column":56}},"20":{"start":{"line":45,"column":12},"end":{"line":45,"column":59}},"21":{"start":{"line":48,"column":12},"end":{"line":49,"column":33}},"22":{"start":{"line":53,"column":4},"end":{"line":65,"column":6}}},"fnMap":{"0":{"name":"DropTargetButton","decl":{"start":{"line":5,"column":9},"end":{"line":5,"column":25}},"loc":{"start":{"line":5,"column":71},"end":{"line":66,"column":1}},"line":5},"1":{"name":"cancelHoverTimer","decl":{"start":{"line":9,"column":13},"end":{"line":9,"column":29}},"loc":{"start":{"line":9,"column":32},"end":{"line":14,"column":5}},"line":9},"2":{"name":"(anonymous_2)","decl":{"start":{"line":18,"column":17},"end":{"line":18,"column":18}},"loc":{"start":{"line":18,"column":31},"end":{"line":20,"column":9}},"line":18},"3":{"name":"(anonymous_3)","decl":{"start":{"line":21,"column":15},"end":{"line":21,"column":16}},"loc":{"start":{"line":21,"column":34},"end":{"line":37,"column":9}},"line":21},"4":{"name":"(anonymous_4)","decl":{"start":{"line":29,"column":48},"end":{"line":29,"column":49}},"loc":{"start":{"line":29,"column":54},"end":{"line":32,"column":17}},"line":29},"5":{"name":"(anonymous_5)","decl":{"start":{"line":38,"column":14},"end":{"line":38,"column":15}},"loc":{"start":{"line":38,"column":24},"end":{"line":46,"column":9}},"line":38},"6":{"name":"(anonymous_6)","decl":{"start":{"line":47,"column":15},"end":{"line":47,"column":16}},"loc":{"start":{"line":47,"column":21},"end":{"line":50,"column":9}},"line":47}},"branchMap":{"0":{"loc":{"start":{"line":10,"column":8},"end":{"line":13,"column":9}},"type":"if","locations":[{"start":{"line":10,"column":8},"end":{"line":13,"column":9}},{"start":{},"end":{}}],"line":10},"1":{"loc":{"start":{"line":22,"column":12},"end":{"line":26,"column":13}},"type":"if","locations":[{"start":{"line":22,"column":12},"end":{"line":26,"column":13}},{"start":{},"end":{}}],"line":22},"2":{"loc":{"start":{"line":28,"column":12},"end":{"line":33,"column":13}},"type":"if","locations":[{"start":{"line":28,"column":12},"end":{"line":33,"column":13}},{"start":{},"end":{}}],"line":28},"3":{"loc":{"start":{"line":41,"column":27},"end":{"line":41,"column":56}},"type":"cond-expr","locations":[{"start":{"line":41,"column":50},"end":{"line":41,"column":51}},{"start":{"line":41,"column":54},"end":{"line":41,"column":56}}],"line":41},"4":{"loc":{"start":{"line":57,"column":22},"end":{"line":57,"column":56}},"type":"cond-expr","locations":[{"start":{"line":57,"column":45},"end":{"line":57,"column":51}},{"start":{"line":57,"column":54},"end":{"line":57,"column":56}}],"line":57},"5":{"loc":{"start":{"line":58,"column":22},"end":{"line":58,"column":88}},"type":"cond-expr","locations":[{"start":{"line":58,"column":31},"end":{"line":58,"column":54}},{"start":{"line":58,"column":57},"end":{"line":58,"column":88}}],"line":58},"6":{"loc":{"start":{"line":59,"column":22},"end":{"line":59,"column":107}},"type":"cond-expr","locations":[{"start":{"line":59,"column":32},"end":{"line":59,"column":101}},{"start":{"line":59,"column":105},"end":{"line":59,"column":107}}],"line":59},"7":{"loc":{"start":{"line":59,"column":32},"end":{"line":59,"column":101}},"type":"cond-expr","locations":[{"start":{"line":59,"column":55},"end":{"line":59,"column":77}},{"start":{"line":59,"column":80},"end":{"line":59,"column":101}}],"line":59}},"s":{"0":0,"1":0,"2":0,"3":0,"4":0,"5":0,"6":0,"7":0,"8":0,"9":0,"10":0,"11":0,"12":0,"13":0,"14":0,"15":0,"16":0,"17":0,"18":0,"19":0,"20":0,"21":0,"22":0},"f":{"0":0,"1":0,"2":0,"3":0,"4":0,"5":0,"6":0},"b":{"0":[0,0],"1":[0,0],"2":[0,0],"3":[0,0],"4":[0,0],"5":[0,0],"6":[0,0],"7":[0,0]}}
,"C:\\Users\\User\\meal-scheduler\\src\\components\\DropZone.jsx": {"path":"C:\\Users\\User\\meal-scheduler\\src\\components\\DropZone.jsx","statementMap":{"0":{"start":{"line":5,"column":31},"end":{"line":11,"column":7}},"1":{"start":{"line":5,"column":46},"end":{"line":11,"column":5}},"2":{"start":{"line":7,"column":24},"end":{"line":7,"column":57}},"3":{"start":{"line":8,"column":31},"end":{"line":10,"column":9}},"4":{"start":{"line":13,"column":4},"end":{"line":20,"column":6}}},"fnMap":{"0":{"name":"DropZone","decl":{"start":{"line":4,"column":9},"end":{"line":4,"column":17}},"loc":{"start":{"line":4,"column":56},"end":{"line":21,"column":1}},"line":4},"1":{"name":"(anonymous_1)","decl":{"start":{"line":5,"column":39},"end":{"line":5,"column":40}},"loc":{"start":{"line":5,"column":46},"end":{"line":11,"column":5}},"line":5},"2":{"name":"(anonymous_2)","decl":{"start":{"line":7,"column":14},"end":{"line":7,"column":15}},"loc":{"start":{"line":7,"column":24},"end":{"line":7,"column":57}},"line":7},"3":{"name":"(anonymous_3)","decl":{"start":{"line":8,"column":17},"end":{"line":8,"column":18}},"loc":{"start":{"line":8,"column":31},"end":{"line":10,"column":9}},"line":8}},"branchMap":{"0":{"loc":{"start":{"line":16,"column":45},"end":{"line":16,"column":72}},"type":"cond-expr","locations":[{"start":{"line":16,"column":54},"end":{"line":16,"column":67}},{"start":{"line":16,"column":70},"end":{"line":16,"column":72}}],"line":16}},"s":{"0":0,"1":0,"2":0,"3":0,"4":0},"f":{"0":0,"1":0,"2":0,"3":0},"b":{"0":[0,0]}}
,"C:\\Users\\User\\meal-scheduler\\src\\components\\MealForm.jsx": {"path":"C:\\Users\\User\\meal-scheduler\\src\\components\\MealForm.jsx","statementMap":{"0":{"start":{"line":19,"column":28},"end":{"line":19,"column":40}},"1":{"start":{"line":20,"column":36},"end":{"line":20,"column":57}},"2":{"start":{"line":21,"column":36},"end":{"line":21,"column":48}},"3":{"start":{"line":22,"column":30},"end":{"line":22,"column":58}},"4":{"start":{"line":22,"column":45},"end":{"line":22,"column":57}},"5":{"start":{"line":23,"column":68},"end":{"line":23,"column":82}},"6":{"start":{"line":34,"column":8},"end":{"line":34,"column":21}},"7":{"start":{"line":37,"column":56},"end":{"line":37,"column":70}},"8":{"start":{"line":41,"column":29},"end":{"line":45,"column":13}},"9":{"start":{"line":42,"column":12},"end":{"line":44,"column":22}},"10":{"start":{"line":47,"column":8},"end":{"line":47,"column":31}},"11":{"start":{"line":48,"column":8},"end":{"line":48,"column":32}},"12":{"start":{"line":52,"column":46},"end":{"line":52,"column":60}},"13":{"start":{"line":53,"column":48},"end":{"line":53,"column":62}},"14":{"start":{"line":56,"column":8},"end":{"line":56,"column":27}},"15":{"start":{"line":58,"column":24},"end":{"line":63,"column":9}},"16":{"start":{"line":65,"column":25},"end":{"line":65,"column":44}},"17":{"start":{"line":66,"column":4},"end":{"line":66,"column":27}},"18":{"start":{"line":67,"column":4},"end":{"line":67,"column":28}},"19":{"start":{"line":70,"column":4},"end":{"line":70,"column":20}},"20":{"start":{"line":71,"column":4},"end":{"line":71,"column":29}},"21":{"start":{"line":72,"column":4},"end":{"line":72,"column":28}},"22":{"start":{"line":76,"column":8},"end":{"line":76,"column":34}},"23":{"start":{"line":77,"column":8},"end":{"line":77,"column":27}},"24":{"start":{"line":78,"column":8},"end":{"line":78,"column":35}},"25":{"start":{"line":79,"column":8},"end":{"line":79,"column":35}},"26":{"start":{"line":83,"column":8},"end":{"line":83,"column":27}},"27":{"start":{"line":85,"column":29},"end":{"line":89,"column":9}},"28":{"start":{"line":86,"column":12},"end":{"line":88,"column":22}},"29":{"start":{"line":91,"column":8},"end":{"line":91,"column":31}},"30":{"start":{"line":92,"column":8},"end":{"line":92,"column":32}},"31":{"start":{"line":93,"column":8},"end":{"line":93,"column":31}},"32":{"start":{"line":96,"column":8},"end":{"line":96,"column":20}},"33":{"start":{"line":97,"column":8},"end":{"line":97,"column":33}},"34":{"start":{"line":98,"column":8},"end":{"line":98,"column":24}},"35":{"start":{"line":102,"column":29},"end":{"line":102,"column":71}},"36":{"start":{"line":102,"column":52},"end":{"line":102,"column":70}},"37":{"start":{"line":103,"column":8},"end":{"line":103,"column":31}},"38":{"start":{"line":104,"column":8},"end":{"line":104,"column":32}},"39":{"start":{"line":108,"column":26},"end":{"line":111,"column":6}},"40":{"start":{"line":109,"column":25},"end":{"line":109,"column":44}},"41":{"start":{"line":110,"column":8},"end":{"line":110,"column":60}},"42":{"start":{"line":114,"column":24},"end":{"line":124,"column":6}},"43":{"start":{"line":115,"column":22},"end":{"line":115,"column":38}},"44":{"start":{"line":116,"column":22},"end":{"line":116,"column":38}},"45":{"start":{"line":118,"column":8},"end":{"line":118,"column":37}},"46":{"start":{"line":118,"column":27},"end":{"line":118,"column":37}},"47":{"start":{"line":119,"column":8},"end":{"line":119,"column":36}},"48":{"start":{"line":119,"column":27},"end":{"line":119,"column":36}},"49":{"start":{"line":122,"column":26},"end":{"line":122,"column":62}},"50":{"start":{"line":123,"column":8},"end":{"line":123,"column":61}},"51":{"start":{"line":127,"column":25},"end":{"line":134,"column":10}},"52":{"start":{"line":128,"column":25},"end":{"line":128,"column":50}},"53":{"start":{"line":129,"column":8},"end":{"line":131,"column":13}},"54":{"start":{"line":130,"column":12},"end":{"line":130,"column":31}},"55":{"start":{"line":132,"column":8},"end":{"line":132,"column":33}},"56":{"start":{"line":133,"column":8},"end":{"line":133,"column":19}},"57":{"start":{"line":137,"column":4},"end":{"line":395,"column":2}},"58":{"start":{"line":149,"column":45},"end":{"line":149,"column":68}},"59":{"start":{"line":154,"column":45},"end":{"line":154,"column":72}},"60":{"start":{"line":165,"column":45},"end":{"line":165,"column":72}},"61":{"start":{"line":178,"column":39},"end":{"line":178,"column":58}},"62":{"start":{"line":184,"column":39},"end":{"line":184,"column":59}},"63":{"start":{"line":199,"column":52},"end":{"line":199,"column":71}},"64":{"start":{"line":200,"column":36},"end":{"line":200,"column":74}},"65":{"start":{"line":201,"column":36},"end":{"line":201,"column":82}},"66":{"start":{"line":202,"column":36},"end":{"line":202,"column":55}},"67":{"start":{"line":225,"column":52},"end":{"line":225,"column":71}},"68":{"start":{"line":226,"column":36},"end":{"line":226,"column":75}},"69":{"start":{"line":227,"column":36},"end":{"line":227,"column":82}},"70":{"start":{"line":228,"column":36},"end":{"line":228,"column":51}},"71":{"start":{"line":270,"column":47},"end":{"line":270,"column":66}},"72":{"start":{"line":271,"column":51},"end":{"line":271,"column":81}},"73":{"start":{"line":273,"column":28},"end":{"line":377,"column":30}},"74":{"start":{"line":279,"column":44},"end":{"line":284,"column":46}},"75":{"start":{"line":290,"column":63},"end":{"line":290,"column":91}},"76":{"start":{"line":293,"column":65},"end":{"line":293,"column":92}},"77":{"start":{"line":304,"column":65},"end":{"line":304,"column":92}},"78":{"start":{"line":321,"column":67},"end":{"line":321,"column":90}},"79":{"start":{"line":334,"column":63},"end":{"line":334,"column":92}},"80":{"start":{"line":345,"column":63},"end":{"line":345,"column":102}},"81":{"start":{"line":358,"column":72},"end":{"line":363,"column":57}},"82":{"start":{"line":365,"column":77},"end":{"line":365,"column":96}},"83":{"start":{"line":366,"column":56},"end":{"line":366,"column":79}},"84":{"start":{"line":367,"column":56},"end":{"line":367,"column":80}},"85":{"start":{"line":370,"column":56},"end":{"line":370,"column":90}}},"fnMap":{"0":{"name":"MealForm","decl":{"start":{"line":17,"column":9},"end":{"line":17,"column":17}},"loc":{"start":{"line":17,"column":20},"end":{"line":397,"column":1}},"line":17},"1":{"name":"(anonymous_1)","decl":{"start":{"line":22,"column":39},"end":{"line":22,"column":40}},"loc":{"start":{"line":22,"column":45},"end":{"line":22,"column":57}},"line":22},"2":{"name":"handleMealDrop","decl":{"start":{"line":40,"column":13},"end":{"line":40,"column":27}},"loc":{"start":{"line":40,"column":50},"end":{"line":49,"column":5}},"line":40},"3":{"name":"(anonymous_3)","decl":{"start":{"line":41,"column":39},"end":{"line":41,"column":40}},"loc":{"start":{"line":42,"column":12},"end":{"line":44,"column":22}},"line":42},"4":{"name":"handleAddMeal","decl":{"start":{"line":55,"column":13},"end":{"line":55,"column":26}},"loc":{"start":{"line":55,"column":43},"end":{"line":73,"column":5}},"line":55},"5":{"name":"handleEdit","decl":{"start":{"line":75,"column":13},"end":{"line":75,"column":23}},"loc":{"start":{"line":75,"column":30},"end":{"line":80,"column":5}},"line":75},"6":{"name":"handleUpdateMeal","decl":{"start":{"line":82,"column":13},"end":{"line":82,"column":29}},"loc":{"start":{"line":82,"column":33},"end":{"line":99,"column":5}},"line":82},"7":{"name":"(anonymous_7)","decl":{"start":{"line":85,"column":39},"end":{"line":85,"column":40}},"loc":{"start":{"line":86,"column":12},"end":{"line":88,"column":22}},"line":86},"8":{"name":"handleDelete","decl":{"start":{"line":101,"column":13},"end":{"line":101,"column":25}},"loc":{"start":{"line":101,"column":34},"end":{"line":105,"column":5}},"line":101},"9":{"name":"(anonymous_9)","decl":{"start":{"line":102,"column":42},"end":{"line":102,"column":43}},"loc":{"start":{"line":102,"column":52},"end":{"line":102,"column":70}},"line":102},"10":{"name":"(anonymous_10)","decl":{"start":{"line":108,"column":39},"end":{"line":108,"column":40}},"loc":{"start":{"line":108,"column":47},"end":{"line":111,"column":5}},"line":108},"11":{"name":"(anonymous_11)","decl":{"start":{"line":114,"column":48},"end":{"line":114,"column":49}},"loc":{"start":{"line":114,"column":58},"end":{"line":124,"column":5}},"line":114},"12":{"name":"(anonymous_12)","decl":{"start":{"line":127,"column":44},"end":{"line":127,"column":45}},"loc":{"start":{"line":127,"column":59},"end":{"line":134,"column":5}},"line":127},"13":{"name":"(anonymous_13)","decl":{"start":{"line":149,"column":38},"end":{"line":149,"column":39}},"loc":{"start":{"line":149,"column":45},"end":{"line":149,"column":68}},"line":149},"14":{"name":"(anonymous_14)","decl":{"start":{"line":154,"column":38},"end":{"line":154,"column":39}},"loc":{"start":{"line":154,"column":45},"end":{"line":154,"column":72}},"line":154},"15":{"name":"(anonymous_15)","decl":{"start":{"line":165,"column":38},"end":{"line":165,"column":39}},"loc":{"start":{"line":165,"column":45},"end":{"line":165,"column":72}},"line":165},"16":{"name":"(anonymous_16)","decl":{"start":{"line":178,"column":33},"end":{"line":178,"column":34}},"loc":{"start":{"line":178,"column":39},"end":{"line":178,"column":58}},"line":178},"17":{"name":"(anonymous_17)","decl":{"start":{"line":184,"column":33},"end":{"line":184,"column":34}},"loc":{"start":{"line":184,"column":39},"end":{"line":184,"column":59}},"line":184},"18":{"name":"(anonymous_18)","decl":{"start":{"line":198,"column":44},"end":{"line":198,"column":45}},"loc":{"start":{"line":198,"column":54},"end":{"line":203,"column":33}},"line":198},"19":{"name":"(anonymous_19)","decl":{"start":{"line":224,"column":44},"end":{"line":224,"column":45}},"loc":{"start":{"line":224,"column":54},"end":{"line":229,"column":33}},"line":224},"20":{"name":"(anonymous_20)","decl":{"start":{"line":269,"column":66},"end":{"line":269,"column":67}},"loc":{"start":{"line":269,"column":75},"end":{"line":378,"column":25}},"line":269},"21":{"name":"(anonymous_21)","decl":{"start":{"line":278,"column":60},"end":{"line":278,"column":61}},"loc":{"start":{"line":279,"column":44},"end":{"line":284,"column":46}},"line":279},"22":{"name":"(anonymous_22)","decl":{"start":{"line":290,"column":56},"end":{"line":290,"column":57}},"loc":{"start":{"line":290,"column":63},"end":{"line":290,"column":91}},"line":290},"23":{"name":"(anonymous_23)","decl":{"start":{"line":293,"column":58},"end":{"line":293,"column":59}},"loc":{"start":{"line":293,"column":65},"end":{"line":293,"column":92}},"line":293},"24":{"name":"(anonymous_24)","decl":{"start":{"line":304,"column":58},"end":{"line":304,"column":59}},"loc":{"start":{"line":304,"column":65},"end":{"line":304,"column":92}},"line":304},"25":{"name":"(anonymous_25)","decl":{"start":{"line":321,"column":61},"end":{"line":321,"column":62}},"loc":{"start":{"line":321,"column":67},"end":{"line":321,"column":90}},"line":321},"26":{"name":"(anonymous_26)","decl":{"start":{"line":334,"column":57},"end":{"line":334,"column":58}},"loc":{"start":{"line":334,"column":63},"end":{"line":334,"column":92}},"line":334},"27":{"name":"(anonymous_27)","decl":{"start":{"line":345,"column":57},"end":{"line":345,"column":58}},"loc":{"start":{"line":345,"column":63},"end":{"line":345,"column":102}},"line":345},"28":{"name":"(anonymous_28)","decl":{"start":{"line":357,"column":67},"end":{"line":357,"column":68}},"loc":{"start":{"line":357,"column":81},"end":{"line":371,"column":53}},"line":357}},"branchMap":{"0":{"loc":{"start":{"line":42,"column":12},"end":{"line":44,"column":22}},"type":"cond-expr","locations":[{"start":{"line":43,"column":18},"end":{"line":43,"column":44}},{"start":{"line":44,"column":18},"end":{"line":44,"column":22}}],"line":42},"1":{"loc":{"start":{"line":86,"column":12},"end":{"line":88,"column":22}},"type":"cond-expr","locations":[{"start":{"line":87,"column":18},"end":{"line":87,"column":55}},{"start":{"line":88,"column":18},"end":{"line":88,"column":22}}],"line":86},"2":{"loc":{"start":{"line":110,"column":15},"end":{"line":110,"column":59}},"type":"binary-expr","locations":[{"start":{"line":110,"column":15},"end":{"line":110,"column":36}},{"start":{"line":110,"column":40},"end":{"line":110,"column":59}}],"line":110},"3":{"loc":{"start":{"line":118,"column":8},"end":{"line":118,"column":37}},"type":"if","locations":[{"start":{"line":118,"column":8},"end":{"line":118,"column":37}},{"start":{},"end":{}}],"line":118},"4":{"loc":{"start":{"line":119,"column":8},"end":{"line":119,"column":36}},"type":"if","locations":[{"start":{"line":119,"column":8},"end":{"line":119,"column":36}},{"start":{},"end":{}}],"line":119},"5":{"loc":{"start":{"line":129,"column":8},"end":{"line":131,"column":13}},"type":"if","locations":[{"start":{"line":129,"column":8},"end":{"line":131,"column":13}},{"start":{},"end":{}}],"line":129},"6":{"loc":{"start":{"line":142,"column":17},"end":{"line":169,"column":17}},"type":"binary-expr","locations":[{"start":{"line":142,"column":17},"end":{"line":142,"column":39}},{"start":{"line":143,"column":20},"end":{"line":168,"column":27}}],"line":142},"7":{"loc":{"start":{"line":177,"column":56},"end":{"line":177,"column":118}},"type":"cond-expr","locations":[{"start":{"line":177,"column":78},"end":{"line":177,"column":102}},{"start":{"line":177,"column":105},"end":{"line":177,"column":118}}],"line":177},"8":{"loc":{"start":{"line":183,"column":56},"end":{"line":183,"column":119}},"type":"cond-expr","locations":[{"start":{"line":183,"column":79},"end":{"line":183,"column":103}},{"start":{"line":183,"column":106},"end":{"line":183,"column":119}}],"line":183},"9":{"loc":{"start":{"line":192,"column":21},"end":{"line":263,"column":21}},"type":"cond-expr","locations":[{"start":{"line":193,"column":24},"end":{"line":235,"column":27}},{"start":{"line":237,"column":24},"end":{"line":262,"column":27}}],"line":192},"10":{"loc":{"start":{"line":267,"column":17},"end":{"line":380,"column":17}},"type":"binary-expr","locations":[{"start":{"line":267,"column":17},"end":{"line":267,"column":36}},{"start":{"line":268,"column":20},"end":{"line":379,"column":26}}],"line":267},"11":{"loc":{"start":{"line":271,"column":51},"end":{"line":271,"column":81}},"type":"binary-expr","locations":[{"start":{"line":271,"column":51},"end":{"line":271,"column":75}},{"start":{"line":271,"column":79},"end":{"line":271,"column":81}}],"line":271},"12":{"loc":{"start":{"line":289,"column":37},"end":{"line":329,"column":37}},"type":"binary-expr","locations":[{"start":{"line":289,"column":37},"end":{"line":289,"column":66}},{"start":{"line":290,"column":40},"end":{"line":328,"column":47}}],"line":289},"13":{"loc":{"start":{"line":354,"column":41},"end":{"line":374,"column":41}},"type":"binary-expr","locations":[{"start":{"line":354,"column":41},"end":{"line":354,"column":80}},{"start":{"line":355,"column":44},"end":{"line":373,"column":50}}],"line":354},"14":{"loc":{"start":{"line":382,"column":17},"end":{"line":389,"column":17}},"type":"binary-expr","locations":[{"start":{"line":382,"column":17},"end":{"line":382,"column":37}},{"start":{"line":383,"column":20},"end":{"line":388,"column":22}}],"line":382}},"s":{"0":0,"1":0,"2":0,"3":0,"4":0,"5":0,"6":0,"7":0,"8":0,"9":0,"10":0,"11":0,"12":0,"13":0,"14":0,"15":0,"16":0,"17":0,"18":0,"19":0,"20":0,"21":0,"22":0,"23":0,"24":0,"25":0,"26":0,"27":0,"28":0,"29":0,"30":0,"31":0,"32":0,"33":0,"34":0,"35":0,"36":0,"37":0,"38":0,"39":0,"40":0,"41":0,"42":0,"43":0,"44":0,"45":0,"46":0,"47":0,"48":0,"49":0,"50":0,"51":0,"52":0,"53":0,"54":0,"55":0,"56":0,"57":0,"58":0,"59":0,"60":0,"61":0,"62":0,"63":0,"64":0,"65":0,"66":0,"67":0,"68":0,"69":0,"70":0,"71":0,"72":0,"73":0,"74":0,"75":0,"76":0,"77":0,"78":0,"79":0,"80":0,"81":0,"82":0,"83":0,"84":0,"85":0},"f":{"0":0,"1":0,"2":0,"3":0,"4":0,"5":0,"6":0,"7":0,"8":0,"9":0,"10":0,"11":0,"12":0,"13":0,"14":0,"15":0,"16":0,"17":0,"18":0,"19":0,"20":0,"21":0,"22":0,"23":0,"24":0,"25":0,"26":0,"27":0,"28":0},"b":{"0":[0,0],"1":[0,0],"2":[0,0],"3":[0,0],"4":[0,0],"5":[0,0],"6":[0,0],"7":[0,0],"8":[0,0],"9":[0,0],"10":[0,0],"11":[0,0],"12":[0,0],"13":[0,0],"14":[0,0]}}
,"C:\\Users\\User\\meal-scheduler\\src\\components\\MealTemplateLibrary.jsx": {"path":"C:\\Users\\User\\meal-scheduler\\src\\components\\MealTemplateLibrary.jsx","statementMap":{"0":{"start":{"line":6,"column":42},"end":{"line":6,"column":56}},"1":{"start":{"line":8,"column":22},"end":{"line":10,"column":5}},"2":{"start":{"line":9,"column":8},"end":{"line":9,"column":32}},"3":{"start":{"line":12,"column":4},"end":{"line":43,"column":6}},"4":{"start":{"line":24,"column":24},"end":{"line":38,"column":29}},"5":{"start":{"line":34,"column":47},"end":{"line":34,"column":66}}},"fnMap":{"0":{"name":"MealTemplateLibrary","decl":{"start":{"line":4,"column":9},"end":{"line":4,"column":28}},"loc":{"start":{"line":4,"column":48},"end":{"line":44,"column":1}},"line":4},"1":{"name":"(anonymous_1)","decl":{"start":{"line":8,"column":22},"end":{"line":8,"column":23}},"loc":{"start":{"line":8,"column":36},"end":{"line":10,"column":5}},"line":8},"2":{"name":"(anonymous_2)","decl":{"start":{"line":23,"column":35},"end":{"line":23,"column":36}},"loc":{"start":{"line":24,"column":24},"end":{"line":38,"column":29}},"line":24},"3":{"name":"(anonymous_3)","decl":{"start":{"line":34,"column":41},"end":{"line":34,"column":42}},"loc":{"start":{"line":34,"column":47},"end":{"line":34,"column":66}},"line":34}},"branchMap":{"0":{"loc":{"start":{"line":18,"column":13},"end":{"line":41,"column":13}},"type":"cond-expr","locations":[{"start":{"line":19,"column":16},"end":{"line":19,"column":80}},{"start":{"line":22,"column":16},"end":{"line":40,"column":21}}],"line":18}},"s":{"0":0,"1":0,"2":0,"3":0,"4":0,"5":0},"f":{"0":0,"1":0,"2":0,"3":0},"b":{"0":[0,0]}}
,"C:\\Users\\User\\meal-scheduler\\src\\components\\MonthView.jsx": {"path":"C:\\Users\\User\\meal-scheduler\\src\\components\\MonthView.jsx","statementMap":{"0":{"start":{"line":6,"column":27},"end":{"line":6,"column":40}},"1":{"start":{"line":7,"column":23},"end":{"line":7,"column":43}},"2":{"start":{"line":8,"column":4},"end":{"line":8,"column":26}},"3":{"start":{"line":10,"column":18},"end":{"line":10,"column":39}},"4":{"start":{"line":11,"column":17},"end":{"line":11,"column":41}},"5":{"start":{"line":13,"column":24},"end":{"line":13,"column":62}},"6":{"start":{"line":14,"column":21},"end":{"line":14,"column":50}},"7":{"start":{"line":16,"column":17},"end":{"line":16,"column":19}},"8":{"start":{"line":19,"column":4},"end":{"line":21,"column":5}},"9":{"start":{"line":19,"column":17},"end":{"line":19,"column":18}},"10":{"start":{"line":20,"column":8},"end":{"line":20,"column":24}},"11":{"start":{"line":24,"column":4},"end":{"line":27,"column":5}},"12":{"start":{"line":24,"column":17},"end":{"line":24,"column":18}},"13":{"start":{"line":25,"column":20},"end":{"line":25,"column":44}},"14":{"start":{"line":26,"column":8},"end":{"line":26,"column":23}},"15":{"start":{"line":30,"column":4},"end":{"line":32,"column":5}},"16":{"start":{"line":31,"column":8},"end":{"line":31,"column":24}},"17":{"start":{"line":34,"column":4},"end":{"line":34,"column":81}},"18":{"start":{"line":35,"column":4},"end":{"line":35,"column":55}},"19":{"start":{"line":37,"column":4},"end":{"line":56,"column":6}},"20":{"start":{"line":41,"column":20},"end":{"line":41,"column":46}},"21":{"start":{"line":47,"column":20},"end":{"line":52,"column":22}}},"fnMap":{"0":{"name":"MonthView","decl":{"start":{"line":4,"column":9},"end":{"line":4,"column":18}},"loc":{"start":{"line":4,"column":42},"end":{"line":57,"column":1}},"line":4},"1":{"name":"(anonymous_1)","decl":{"start":{"line":40,"column":71},"end":{"line":40,"column":72}},"loc":{"start":{"line":41,"column":20},"end":{"line":41,"column":46}},"line":41},"2":{"name":"(anonymous_2)","decl":{"start":{"line":46,"column":26},"end":{"line":46,"column":27}},"loc":{"start":{"line":47,"column":20},"end":{"line":52,"column":22}},"line":47}},"branchMap":{},"s":{"0":0,"1":0,"2":0,"3":0,"4":0,"5":0,"6":0,"7":0,"8":0,"9":0,"10":0,"11":0,"12":0,"13":0,"14":0,"15":0,"16":0,"17":0,"18":0,"19":0,"20":0,"21":0},"f":{"0":0,"1":0,"2":0},"b":{}}
,"C:\\Users\\User\\meal-scheduler\\src\\context\\CalendarContext.jsx": {"path":"C:\\Users\\User\\meal-scheduler\\src\\context\\CalendarContext.jsx","statementMap":{"0":{"start":{"line":5,"column":24},"end":{"line":5,"column":39}},"1":{"start":{"line":10,"column":40},"end":{"line":13,"column":6}},"2":{"start":{"line":11,"column":22},"end":{"line":11,"column":32}},"3":{"start":{"line":12,"column":8},"end":{"line":12,"column":53}},"4":{"start":{"line":16,"column":36},"end":{"line":16,"column":52}},"5":{"start":{"line":19,"column":35},"end":{"line":22,"column":5}},"6":{"start":{"line":20,"column":14},"end":{"line":20,"column":62}},"7":{"start":{"line":25,"column":23},"end":{"line":35,"column":5}},"8":{"start":{"line":26,"column":8},"end":{"line":34,"column":9}},"9":{"start":{"line":27,"column":25},"end":{"line":27,"column":45}},"10":{"start":{"line":28,"column":12},"end":{"line":28,"column":45}},"11":{"start":{"line":29,"column":12},"end":{"line":29,"column":64}},"12":{"start":{"line":31,"column":25},"end":{"line":31,"column":45}},"13":{"start":{"line":32,"column":12},"end":{"line":32,"column":47}},"14":{"start":{"line":33,"column":12},"end":{"line":33,"column":32}},"15":{"start":{"line":37,"column":19},"end":{"line":47,"column":5}},"16":{"start":{"line":38,"column":8},"end":{"line":46,"column":9}},"17":{"start":{"line":39,"column":25},"end":{"line":39,"column":45}},"18":{"start":{"line":40,"column":12},"end":{"line":40,"column":45}},"19":{"start":{"line":41,"column":12},"end":{"line":41,"column":64}},"20":{"start":{"line":43,"column":25},"end":{"line":43,"column":45}},"21":{"start":{"line":44,"column":12},"end":{"line":44,"column":47}},"22":{"start":{"line":45,"column":12},"end":{"line":45,"column":32}},"23":{"start":{"line":50,"column":18},"end":{"line":58,"column":5}},"24":{"start":{"line":60,"column":4},"end":{"line":64,"column":6}},"25":{"start":{"line":69,"column":16},"end":{"line":69,"column":43}},"26":{"start":{"line":70,"column":4},"end":{"line":72,"column":5}},"27":{"start":{"line":71,"column":8},"end":{"line":71,"column":78}},"28":{"start":{"line":73,"column":4},"end":{"line":73,"column":15}}},"fnMap":{"0":{"name":"CalendarProvider","decl":{"start":{"line":8,"column":16},"end":{"line":8,"column":32}},"loc":{"start":{"line":8,"column":47},"end":{"line":65,"column":1}},"line":8},"1":{"name":"(anonymous_1)","decl":{"start":{"line":10,"column":49},"end":{"line":10,"column":50}},"loc":{"start":{"line":10,"column":55},"end":{"line":13,"column":5}},"line":10},"2":{"name":"(anonymous_2)","decl":{"start":{"line":20,"column":8},"end":{"line":20,"column":9}},"loc":{"start":{"line":20,"column":14},"end":{"line":20,"column":62}},"line":20},"3":{"name":"(anonymous_3)","decl":{"start":{"line":25,"column":23},"end":{"line":25,"column":24}},"loc":{"start":{"line":25,"column":29},"end":{"line":35,"column":5}},"line":25},"4":{"name":"(anonymous_4)","decl":{"start":{"line":37,"column":19},"end":{"line":37,"column":20}},"loc":{"start":{"line":37,"column":25},"end":{"line":47,"column":5}},"line":37},"5":{"name":"useCalendar","decl":{"start":{"line":68,"column":16},"end":{"line":68,"column":27}},"loc":{"start":{"line":68,"column":30},"end":{"line":74,"column":1}},"line":68}},"branchMap":{"0":{"loc":{"start":{"line":26,"column":8},"end":{"line":34,"column":9}},"type":"if","locations":[{"start":{"line":26,"column":8},"end":{"line":34,"column":9}},{"start":{"line":30,"column":15},"end":{"line":34,"column":9}}],"line":26},"1":{"loc":{"start":{"line":38,"column":8},"end":{"line":46,"column":9}},"type":"if","locations":[{"start":{"line":38,"column":8},"end":{"line":46,"column":9}},{"start":{"line":42,"column":15},"end":{"line":46,"column":9}}],"line":38},"2":{"loc":{"start":{"line":70,"column":4},"end":{"line":72,"column":5}},"type":"if","locations":[{"start":{"line":70,"column":4},"end":{"line":72,"column":5}},{"start":{},"end":{}}],"line":70}},"s":{"0":0,"1":0,"2":0,"3":0,"4":0,"5":0,"6":0,"7":0,"8":0,"9":0,"10":0,"11":0,"12":0,"13":0,"14":0,"15":0,"16":0,"17":0,"18":0,"19":0,"20":0,"21":0,"22":0,"23":0,"24":0,"25":0,"26":0,"27":0,"28":0},"f":{"0":0,"1":0,"2":0,"3":0,"4":0,"5":0},"b":{"0":[0,0],"1":[0,0],"2":[0,0]}}
,"C:\\Users\\User\\meal-scheduler\\src\\context\\TemplateContext.jsx": {"path":"C:\\Users\\User\\meal-scheduler\\src\\context\\TemplateContext.jsx","statementMap":{"0":{"start":{"line":4,"column":24},"end":{"line":4,"column":39}},"1":{"start":{"line":8,"column":38},"end":{"line":11,"column":6}},"2":{"start":{"line":9,"column":23},"end":{"line":9,"column":60}},"3":{"start":{"line":10,"column":8},"end":{"line":10,"column":48}},"4":{"start":{"line":14,"column":4},"end":{"line":16,"column":20}},"5":{"start":{"line":15,"column":8},"end":{"line":15,"column":73}},"6":{"start":{"line":19,"column":25},"end":{"line":21,"column":5}},"7":{"start":{"line":20,"column":8},"end":{"line":20,"column":46}},"8":{"start":{"line":20,"column":28},"end":{"line":20,"column":44}},"9":{"start":{"line":24,"column":27},"end":{"line":26,"column":5}},"10":{"start":{"line":25,"column":8},"end":{"line":25,"column":62}},"11":{"start":{"line":25,"column":28},"end":{"line":25,"column":60}},"12":{"start":{"line":25,"column":46},"end":{"line":25,"column":59}},"13":{"start":{"line":28,"column":4},"end":{"line":32,"column":6}},"14":{"start":{"line":36,"column":16},"end":{"line":36,"column":43}},"15":{"start":{"line":37,"column":4},"end":{"line":39,"column":5}},"16":{"start":{"line":38,"column":8},"end":{"line":38,"column":79}},"17":{"start":{"line":40,"column":4},"end":{"line":40,"column":15}}},"fnMap":{"0":{"name":"TemplateProvider","decl":{"start":{"line":6,"column":16},"end":{"line":6,"column":32}},"loc":{"start":{"line":6,"column":47},"end":{"line":33,"column":1}},"line":6},"1":{"name":"(anonymous_1)","decl":{"start":{"line":8,"column":47},"end":{"line":8,"column":48}},"loc":{"start":{"line":8,"column":53},"end":{"line":11,"column":5}},"line":8},"2":{"name":"(anonymous_2)","decl":{"start":{"line":14,"column":14},"end":{"line":14,"column":15}},"loc":{"start":{"line":14,"column":20},"end":{"line":16,"column":5}},"line":14},"3":{"name":"(anonymous_3)","decl":{"start":{"line":19,"column":25},"end":{"line":19,"column":26}},"loc":{"start":{"line":19,"column":39},"end":{"line":21,"column":5}},"line":19},"4":{"name":"(anonymous_4)","decl":{"start":{"line":20,"column":21},"end":{"line":20,"column":22}},"loc":{"start":{"line":20,"column":28},"end":{"line":20,"column":44}},"line":20},"5":{"name":"(anonymous_5)","decl":{"start":{"line":24,"column":27},"end":{"line":24,"column":28}},"loc":{"start":{"line":24,"column":35},"end":{"line":26,"column":5}},"line":24},"6":{"name":"(anonymous_6)","decl":{"start":{"line":25,"column":21},"end":{"line":25,"column":22}},"loc":{"start":{"line":25,"column":28},"end":{"line":25,"column":60}},"line":25},"7":{"name":"(anonymous_7)","decl":{"start":{"line":25,"column":37},"end":{"line":25,"column":38}},"loc":{"start":{"line":25,"column":46},"end":{"line":25,"column":59}},"line":25},"8":{"name":"useTemplates","decl":{"start":{"line":35,"column":16},"end":{"line":35,"column":28}},"loc":{"start":{"line":35,"column":31},"end":{"line":41,"column":1}},"line":35}},"branchMap":{"0":{"loc":{"start":{"line":10,"column":15},"end":{"line":10,"column":47}},"type":"cond-expr","locations":[{"start":{"line":10,"column":24},"end":{"line":10,"column":42}},{"start":{"line":10,"column":45},"end":{"line":10,"column":47}}],"line":10},"1":{"loc":{"start":{"line":37,"column":4},"end":{"line":39,"column":5}},"type":"if","locations":[{"start":{"line":37,"column":4},"end":{"line":39,"column":5}},{"start":{},"end":{}}],"line":37}},"s":{"0":0,"1":0,"2":0,"3":0,"4":0,"5":0,"6":0,"7":0,"8":0,"9":0,"10":0,"11":0,"12":0,"13":0,"14":0,"15":0,"16":0,"17":0},"f":{"0":0,"1":0,"2":0,"3":0,"4":0,"5":0,"6":0,"7":0,"8":0},"b":{"0":[0,0],"1":[0,0]}}
,"C:\\Users\\User\\meal-scheduler\\src\\utils\\dateUtils.js": {"path":"C:\\Users\\User\\meal-scheduler\\src\\utils\\dateUtils.js","statementMap":{"0":{"start":{"line":2,"column":17},"end":{"line":2,"column":37}},"1":{"start":{"line":3,"column":4},"end":{"line":7,"column":7}},"2":{"start":{"line":12,"column":20},"end":{"line":12,"column":34}},"3":{"start":{"line":13,"column":16},"end":{"line":13,"column":32}},"4":{"start":{"line":14,"column":18},"end":{"line":14,"column":42}},"5":{"start":{"line":15,"column":22},"end":{"line":15,"column":39}},"6":{"start":{"line":16,"column":4},"end":{"line":16,"column":48}},"7":{"start":{"line":17,"column":4},"end":{"line":17,"column":35}},"8":{"start":{"line":20,"column":20},"end":{"line":20,"column":39}},"9":{"start":{"line":21,"column":4},"end":{"line":21,"column":45}},"10":{"start":{"line":22,"column":4},"end":{"line":22,"column":38}},"11":{"start":{"line":24,"column":4},"end":{"line":24,"column":34}},"12":{"start":{"line":28,"column":17},"end":{"line":28,"column":36}},"13":{"start":{"line":29,"column":17},"end":{"line":29,"column":35}},"14":{"start":{"line":30,"column":18},"end":{"line":30,"column":62}},"15":{"start":{"line":31,"column":16},"end":{"line":31,"column":55}},"16":{"start":{"line":33,"column":4},"end":{"line":33,"column":37}},"17":{"start":{"line":38,"column":22},"end":{"line":38,"column":41}},"18":{"start":{"line":39,"column":21},"end":{"line":39,"column":23}},"19":{"start":{"line":40,"column":8},"end":{"line":44,"column":9}},"20":{"start":{"line":40,"column":21},"end":{"line":40,"column":22}},"21":{"start":{"line":41,"column":24},"end":{"line":41,"column":39}},"22":{"start":{"line":42,"column":12},"end":{"line":42,"column":45}},"23":{"start":{"line":43,"column":12},"end":{"line":43,"column":27}},"24":{"start":{"line":45,"column":8},"end":{"line":45,"column":20}},"25":{"start":{"line":49,"column":18},"end":{"line":49,"column":37}},"26":{"start":{"line":50,"column":16},"end":{"line":50,"column":33}},"27":{"start":{"line":52,"column":22},"end":{"line":52,"column":57}},"28":{"start":{"line":53,"column":21},"end":{"line":53,"column":62}},"29":{"start":{"line":55,"column":21},"end":{"line":55,"column":36}},"30":{"start":{"line":56,"column":19},"end":{"line":56,"column":32}},"31":{"start":{"line":57,"column":23},"end":{"line":57,"column":72}},"32":{"start":{"line":58,"column":21},"end":{"line":58,"column":68}},"33":{"start":{"line":60,"column":22},"end":{"line":60,"column":41}},"34":{"start":{"line":61,"column":20},"end":{"line":61,"column":37}},"35":{"start":{"line":63,"column":4},"end":{"line":75,"column":5}},"36":{"start":{"line":64,"column":8},"end":{"line":66,"column":50}},"37":{"start":{"line":67,"column":11},"end":{"line":75,"column":5}},"38":{"start":{"line":68,"column":8},"end":{"line":70,"column":62}},"39":{"start":{"line":72,"column":8},"end":{"line":74,"column":76}}},"fnMap":{"0":{"name":"formatDate","decl":{"start":{"line":1,"column":16},"end":{"line":1,"column":26}},"loc":{"start":{"line":1,"column":39},"end":{"line":8,"column":1}},"line":1},"1":{"name":"getStartAndEndOfWeek","decl":{"start":{"line":10,"column":16},"end":{"line":10,"column":36}},"loc":{"start":{"line":10,"column":43},"end":{"line":25,"column":1}},"line":10},"2":{"name":"toLocalDateKey","decl":{"start":{"line":27,"column":16},"end":{"line":27,"column":30}},"loc":{"start":{"line":27,"column":42},"end":{"line":34,"column":1}},"line":27},"3":{"name":"generateWeekDays","decl":{"start":{"line":37,"column":20},"end":{"line":37,"column":36}},"loc":{"start":{"line":37,"column":48},"end":{"line":46,"column":5}},"line":37},"4":{"name":"formatWeekRange","decl":{"start":{"line":48,"column":16},"end":{"line":48,"column":31}},"loc":{"start":{"line":48,"column":81},"end":{"line":76,"column":1}},"line":48}},"branchMap":{"0":{"loc":{"start":{"line":14,"column":18},"end":{"line":14,"column":42}},"type":"cond-expr","locations":[{"start":{"line":14,"column":30},"end":{"line":14,"column":32}},{"start":{"line":14,"column":35},"end":{"line":14,"column":42}}],"line":14},"1":{"loc":{"start":{"line":48,"column":52},"end":{"line":48,"column":79}},"type":"default-arg","locations":[{"start":{"line":48,"column":77},"end":{"line":48,"column":79}}],"line":48},"2":{"loc":{"start":{"line":48,"column":54},"end":{"line":48,"column":72}},"type":"default-arg","locations":[{"start":{"line":48,"column":68},"end":{"line":48,"column":72}}],"line":48},"3":{"loc":{"start":{"line":63,"column":4},"end":{"line":75,"column":5}},"type":"if","locations":[{"start":{"line":63,"column":4},"end":{"line":75,"column":5}},{"start":{"line":67,"column":11},"end":{"line":75,"column":5}}],"line":63},"4":{"loc":{"start":{"line":63,"column":8},"end":{"line":63,"column":29}},"type":"binary-expr","locations":[{"start":{"line":63,"column":8},"end":{"line":63,"column":17}},{"start":{"line":63,"column":21},"end":{"line":63,"column":29}}],"line":63},"5":{"loc":{"start":{"line":64,"column":15},"end":{"line":66,"column":49}},"type":"cond-expr","locations":[{"start":{"line":65,"column":10},"end":{"line":65,"column":63}},{"start":{"line":66,"column":10},"end":{"line":66,"column":49}}],"line":64},"6":{"loc":{"start":{"line":67,"column":11},"end":{"line":75,"column":5}},"type":"if","locations":[{"start":{"line":67,"column":11},"end":{"line":75,"column":5}},{"start":{"line":71,"column":11},"end":{"line":75,"column":5}}],"line":67},"7":{"loc":{"start":{"line":68,"column":15},"end":{"line":70,"column":61}},"type":"cond-expr","locations":[{"start":{"line":69,"column":10},"end":{"line":69,"column":75}},{"start":{"line":70,"column":10},"end":{"line":70,"column":61}}],"line":68},"8":{"loc":{"start":{"line":72,"column":15},"end":{"line":74,"column":75}},"type":"cond-expr","locations":[{"start":{"line":73,"column":10},"end":{"line":73,"column":87}},{"start":{"line":74,"column":10},"end":{"line":74,"column":75}}],"line":72}},"s":{"0":0,"1":0,"2":0,"3":0,"4":0,"5":0,"6":0,"7":0,"8":0,"9":0,"10":0,"11":0,"12":1,"13":1,"14":1,"15":1,"16":1,"17":0,"18":0,"19":0,"20":0,"21":0,"22":0,"23":0,"24":0,"25":0,"26":0,"27":0,"28":0,"29":0,"30":0,"31":0,"32":0,"33":0,"34":0,"35":0,"36":0,"37":0,"38":0,"39":0},"f":{"0":0,"1":0,"2":1,"3":0,"4":0},"b":{"0":[0,0],"1":[0],"2":[0],"3":[0,0],"4":[0,0],"5":[0,0],"6":[0,0],"7":[0,0],"8":[0,0]},"_coverageSchema":"1a1c01bbd47fc00a2c39e90264f33305004495a9","hash":"bf5f953560e7b315503080fbe6ef5d06e309166c"}
,"C:\\Users\\User\\meal-scheduler\\src\\utils\\localStorageUtils.js": {"path":"C:\\Users\\User\\meal-scheduler\\src\\utils\\localStorageUtils.js","statementMap":{"0":{"start":{"line":2,"column":25},"end":{"line":5,"column":1}},"1":{"start":{"line":3,"column":24},"end":{"line":3,"column":53}},"2":{"start":{"line":4,"column":4},"end":{"line":4,"column":54}},"3":{"start":{"line":8,"column":25},"end":{"line":10,"column":1}},"4":{"start":{"line":9,"column":4},"end":{"line":9,"column":57}},"5":{"start":{"line":14,"column":4},"end":{"line":14,"column":67}},"6":{"start":{"line":18,"column":22},"end":{"line":18,"column":41}},"7":{"start":{"line":19,"column":24},"end":{"line":23,"column":5}},"8":{"start":{"line":24,"column":20},"end":{"line":24,"column":47}},"9":{"start":{"line":25,"column":4},"end":{"line":25,"column":67}},"10":{"start":{"line":26,"column":4},"end":{"line":26,"column":23}}},"fnMap":{"0":{"name":"(anonymous_0)","decl":{"start":{"line":2,"column":25},"end":{"line":2,"column":26}},"loc":{"start":{"line":2,"column":31},"end":{"line":5,"column":1}},"line":2},"1":{"name":"(anonymous_1)","decl":{"start":{"line":8,"column":25},"end":{"line":8,"column":26}},"loc":{"start":{"line":8,"column":36},"end":{"line":10,"column":1}},"line":8},"2":{"name":"loadMealTemplates","decl":{"start":{"line":13,"column":16},"end":{"line":13,"column":33}},"loc":{"start":{"line":13,"column":36},"end":{"line":15,"column":1}},"line":13},"3":{"name":"saveMealTemplate","decl":{"start":{"line":17,"column":16},"end":{"line":17,"column":32}},"loc":{"start":{"line":17,"column":39},"end":{"line":27,"column":1}},"line":17}},"branchMap":{"0":{"loc":{"start":{"line":4,"column":11},"end":{"line":4,"column":53}},"type":"cond-expr","locations":[{"start":{"line":4,"column":25},"end":{"line":4,"column":48}},{"start":{"line":4,"column":51},"end":{"line":4,"column":53}}],"line":4},"1":{"loc":{"start":{"line":14,"column":11},"end":{"line":14,"column":66}},"type":"binary-expr","locations":[{"start":{"line":14,"column":11},"end":{"line":14,"column":60}},{"start":{"line":14,"column":64},"end":{"line":14,"column":66}}],"line":14}},"s":{"0":0,"1":0,"2":0,"3":0,"4":0,"5":0,"6":0,"7":0,"8":0,"9":0,"10":0},"f":{"0":0,"1":0,"2":0,"3":0},"b":{"0":[0,0],"1":[0,0]}}
}
