TN:
SF:src\App.jsx
FN:6,App
FNF:1
FNH:0
FNDA:0,App
DA:7,0
LF:1
LH:0
BRF:0
BRH:0
end_of_record
TN:
SF:src\main.jsx
FNF:0
FNH:0
DA:8,0
LF:1
LH:0
BRF:0
BRH:0
end_of_record
TN:
SF:src\components\DayCell.jsx
FN:5,DayCell
FN:11,(anonymous_1)
FN:14,(anonymous_2)
FN:19,(anonymous_3)
FN:32,(anonymous_4)
FNF:5
FNH:0
FNDA:0,DayCell
FNDA:0,(anonymous_1)
FNDA:0,(anonymous_2)
FNDA:0,(anonymous_3)
FNDA:0,(anonymous_4)
DA:6,0
DA:9,0
DA:12,0
DA:14,0
DA:18,0
DA:19,0
DA:22,0
DA:33,0
LF:8
LH:0
BRDA:6,0,0,0
BRDA:6,0,1,0
BRDA:12,1,0,0
BRDA:12,1,1,0
BRDA:18,2,0,0
BRDA:18,2,1,0
BRDA:26,3,0,0
BRDA:26,3,1,0
BRDA:27,4,0,0
BRDA:27,4,1,0
BRDA:29,5,0,0
BRDA:29,5,1,0
BRF:12
BRH:0
end_of_record
TN:
SF:src\components\DraggableMeal.jsx
FN:5,DraggableMeal
FN:7,(anonymous_1)
FN:10,(anonymous_2)
FN:32,(anonymous_3)
FN:41,(anonymous_4)
FN:49,(anonymous_5)
FNF:6
FNH:0
FNDA:0,DraggableMeal
FNDA:0,(anonymous_1)
FNDA:0,(anonymous_2)
FNDA:0,(anonymous_3)
FNDA:0,(anonymous_4)
FNDA:0,(anonymous_5)
DA:6,0
DA:7,0
DA:10,0
DA:15,0
DA:32,0
DA:41,0
DA:49,0
LF:7
LH:0
BRDA:18,0,0,0
BRDA:18,0,1,0
BRDA:23,1,0,0
BRDA:23,1,1,0
BRDA:23,2,0,0
BRDA:23,2,1,0
BRF:6
BRH:0
end_of_record
TN:
SF:src\components\DraggableMiniMeal.jsx
FN:4,DraggableMiniMeal
FN:5,(anonymous_1)
FN:8,(anonymous_2)
FNF:3
FNH:0
FNDA:0,DraggableMiniMeal
FNDA:0,(anonymous_1)
FNDA:0,(anonymous_2)
DA:5,0
DA:8,0
DA:13,0
LF:3
LH:0
BRDA:17,0,0,0
BRDA:17,0,1,0
BRDA:20,1,0,0
BRDA:20,1,1,0
BRDA:22,2,0,0
BRDA:22,2,1,0
BRF:6
BRH:0
end_of_record
TN:
SF:src\components\DropTargetButton.jsx
FN:5,DropTargetButton
FN:9,cancelHoverTimer
FN:18,(anonymous_2)
FN:21,(anonymous_3)
FN:29,(anonymous_4)
FN:38,(anonymous_5)
FN:47,(anonymous_6)
FNF:7
FNH:0
FNDA:0,DropTargetButton
FNDA:0,cancelHoverTimer
FNDA:0,(anonymous_2)
FNDA:0,(anonymous_3)
FNDA:0,(anonymous_4)
FNDA:0,(anonymous_5)
FNDA:0,(anonymous_6)
DA:6,0
DA:7,0
DA:10,0
DA:11,0
DA:12,0
DA:16,0
DA:18,0
DA:22,0
DA:23,0
DA:24,0
DA:25,0
DA:28,0
DA:29,0
DA:30,0
DA:31,0
DA:35,0
DA:39,0
DA:41,0
DA:42,0
DA:43,0
DA:45,0
DA:48,0
DA:53,0
LF:23
LH:0
BRDA:10,0,0,0
BRDA:10,0,1,0
BRDA:22,1,0,0
BRDA:22,1,1,0
BRDA:28,2,0,0
BRDA:28,2,1,0
BRDA:41,3,0,0
BRDA:41,3,1,0
BRDA:57,4,0,0
BRDA:57,4,1,0
BRDA:58,5,0,0
BRDA:58,5,1,0
BRDA:59,6,0,0
BRDA:59,6,1,0
BRDA:59,7,0,0
BRDA:59,7,1,0
BRF:16
BRH:0
end_of_record
TN:
SF:src\components\DropZone.jsx
FN:4,DropZone
FN:5,(anonymous_1)
FN:7,(anonymous_2)
FN:8,(anonymous_3)
FNF:4
FNH:0
FNDA:0,DropZone
FNDA:0,(anonymous_1)
FNDA:0,(anonymous_2)
FNDA:0,(anonymous_3)
DA:5,0
DA:7,0
DA:8,0
DA:13,0
LF:4
LH:0
BRDA:16,0,0,0
BRDA:16,0,1,0
BRF:2
BRH:0
end_of_record
TN:
SF:src\components\MealForm.jsx
FN:17,MealForm
FN:22,(anonymous_1)
FN:40,handleMealDrop
FN:41,(anonymous_3)
FN:55,handleAddMeal
FN:75,handleEdit
FN:82,handleUpdateMeal
FN:85,(anonymous_7)
FN:101,handleDelete
FN:102,(anonymous_9)
FN:108,(anonymous_10)
FN:114,(anonymous_11)
FN:127,(anonymous_12)
FN:149,(anonymous_13)
FN:154,(anonymous_14)
FN:165,(anonymous_15)
FN:178,(anonymous_16)
FN:184,(anonymous_17)
FN:198,(anonymous_18)
FN:224,(anonymous_19)
FN:269,(anonymous_20)
FN:278,(anonymous_21)
FN:290,(anonymous_22)
FN:293,(anonymous_23)
FN:304,(anonymous_24)
FN:321,(anonymous_25)
FN:334,(anonymous_26)
FN:345,(anonymous_27)
FN:357,(anonymous_28)
FNF:29
FNH:0
FNDA:0,MealForm
FNDA:0,(anonymous_1)
FNDA:0,handleMealDrop
FNDA:0,(anonymous_3)
FNDA:0,handleAddMeal
FNDA:0,handleEdit
FNDA:0,handleUpdateMeal
FNDA:0,(anonymous_7)
FNDA:0,handleDelete
FNDA:0,(anonymous_9)
FNDA:0,(anonymous_10)
FNDA:0,(anonymous_11)
FNDA:0,(anonymous_12)
FNDA:0,(anonymous_13)
FNDA:0,(anonymous_14)
FNDA:0,(anonymous_15)
FNDA:0,(anonymous_16)
FNDA:0,(anonymous_17)
FNDA:0,(anonymous_18)
FNDA:0,(anonymous_19)
FNDA:0,(anonymous_20)
FNDA:0,(anonymous_21)
FNDA:0,(anonymous_22)
FNDA:0,(anonymous_23)
FNDA:0,(anonymous_24)
FNDA:0,(anonymous_25)
FNDA:0,(anonymous_26)
FNDA:0,(anonymous_27)
FNDA:0,(anonymous_28)
DA:19,0
DA:20,0
DA:21,0
DA:22,0
DA:23,0
DA:34,0
DA:37,0
DA:41,0
DA:42,0
DA:47,0
DA:48,0
DA:52,0
DA:53,0
DA:56,0
DA:58,0
DA:65,0
DA:66,0
DA:67,0
DA:70,0
DA:71,0
DA:72,0
DA:76,0
DA:77,0
DA:78,0
DA:79,0
DA:83,0
DA:85,0
DA:86,0
DA:91,0
DA:92,0
DA:93,0
DA:96,0
DA:97,0
DA:98,0
DA:102,0
DA:103,0
DA:104,0
DA:108,0
DA:109,0
DA:110,0
DA:114,0
DA:115,0
DA:116,0
DA:118,0
DA:119,0
DA:122,0
DA:123,0
DA:127,0
DA:128,0
DA:129,0
DA:130,0
DA:132,0
DA:133,0
DA:137,0
DA:149,0
DA:154,0
DA:165,0
DA:178,0
DA:184,0
DA:199,0
DA:200,0
DA:201,0
DA:202,0
DA:225,0
DA:226,0
DA:227,0
DA:228,0
DA:270,0
DA:271,0
DA:273,0
DA:279,0
DA:290,0
DA:293,0
DA:304,0
DA:321,0
DA:334,0
DA:345,0
DA:358,0
DA:365,0
DA:366,0
DA:367,0
DA:370,0
LF:82
LH:0
BRDA:42,0,0,0
BRDA:42,0,1,0
BRDA:86,1,0,0
BRDA:86,1,1,0
BRDA:110,2,0,0
BRDA:110,2,1,0
BRDA:118,3,0,0
BRDA:118,3,1,0
BRDA:119,4,0,0
BRDA:119,4,1,0
BRDA:129,5,0,0
BRDA:129,5,1,0
BRDA:142,6,0,0
BRDA:142,6,1,0
BRDA:177,7,0,0
BRDA:177,7,1,0
BRDA:183,8,0,0
BRDA:183,8,1,0
BRDA:192,9,0,0
BRDA:192,9,1,0
BRDA:267,10,0,0
BRDA:267,10,1,0
BRDA:271,11,0,0
BRDA:271,11,1,0
BRDA:289,12,0,0
BRDA:289,12,1,0
BRDA:354,13,0,0
BRDA:354,13,1,0
BRDA:382,14,0,0
BRDA:382,14,1,0
BRF:30
BRH:0
end_of_record
TN:
SF:src\components\MealTemplateLibrary.jsx
FN:4,MealTemplateLibrary
FN:8,(anonymous_1)
FN:23,(anonymous_2)
FN:34,(anonymous_3)
FNF:4
FNH:0
FNDA:0,MealTemplateLibrary
FNDA:0,(anonymous_1)
FNDA:0,(anonymous_2)
FNDA:0,(anonymous_3)
DA:6,0
DA:8,0
DA:9,0
DA:12,0
DA:24,0
DA:34,0
LF:6
LH:0
BRDA:18,0,0,0
BRDA:18,0,1,0
BRF:2
BRH:0
end_of_record
TN:
SF:src\components\MonthView.jsx
FN:4,MonthView
FN:40,(anonymous_1)
FN:46,(anonymous_2)
FNF:3
FNH:0
FNDA:0,MonthView
FNDA:0,(anonymous_1)
FNDA:0,(anonymous_2)
DA:6,0
DA:7,0
DA:8,0
DA:10,0
DA:11,0
DA:13,0
DA:14,0
DA:16,0
DA:19,0
DA:20,0
DA:24,0
DA:25,0
DA:26,0
DA:30,0
DA:31,0
DA:34,0
DA:35,0
DA:37,0
DA:41,0
DA:47,0
LF:20
LH:0
BRF:0
BRH:0
end_of_record
TN:
SF:src\context\CalendarContext.jsx
FN:8,CalendarProvider
FN:10,(anonymous_1)
FN:20,(anonymous_2)
FN:25,(anonymous_3)
FN:37,(anonymous_4)
FN:68,useCalendar
FNF:6
FNH:0
FNDA:0,CalendarProvider
FNDA:0,(anonymous_1)
FNDA:0,(anonymous_2)
FNDA:0,(anonymous_3)
FNDA:0,(anonymous_4)
FNDA:0,useCalendar
DA:5,0
DA:10,0
DA:11,0
DA:12,0
DA:16,0
DA:19,0
DA:20,0
DA:25,0
DA:26,0
DA:27,0
DA:28,0
DA:29,0
DA:31,0
DA:32,0
DA:33,0
DA:37,0
DA:38,0
DA:39,0
DA:40,0
DA:41,0
DA:43,0
DA:44,0
DA:45,0
DA:50,0
DA:60,0
DA:69,0
DA:70,0
DA:71,0
DA:73,0
LF:29
LH:0
BRDA:26,0,0,0
BRDA:26,0,1,0
BRDA:38,1,0,0
BRDA:38,1,1,0
BRDA:70,2,0,0
BRDA:70,2,1,0
BRF:6
BRH:0
end_of_record
TN:
SF:src\context\TemplateContext.jsx
FN:6,TemplateProvider
FN:8,(anonymous_1)
FN:14,(anonymous_2)
FN:19,(anonymous_3)
FN:20,(anonymous_4)
FN:24,(anonymous_5)
FN:25,(anonymous_6)
FN:25,(anonymous_7)
FN:35,useTemplates
FNF:9
FNH:0
FNDA:0,TemplateProvider
FNDA:0,(anonymous_1)
FNDA:0,(anonymous_2)
FNDA:0,(anonymous_3)
FNDA:0,(anonymous_4)
FNDA:0,(anonymous_5)
FNDA:0,(anonymous_6)
FNDA:0,(anonymous_7)
FNDA:0,useTemplates
DA:4,0
DA:8,0
DA:9,0
DA:10,0
DA:14,0
DA:15,0
DA:19,0
DA:20,0
DA:24,0
DA:25,0
DA:28,0
DA:36,0
DA:37,0
DA:38,0
DA:40,0
LF:15
LH:0
BRDA:10,0,0,0
BRDA:10,0,1,0
BRDA:37,1,0,0
BRDA:37,1,1,0
BRF:4
BRH:0
end_of_record
TN:
SF:src\utils\dateUtils.js
FN:1,formatDate
FN:10,getStartAndEndOfWeek
FN:27,toLocalDateKey
FN:37,generateWeekDays
FN:48,formatWeekRange
FNF:5
FNH:1
FNDA:0,formatDate
FNDA:0,getStartAndEndOfWeek
FNDA:1,toLocalDateKey
FNDA:0,generateWeekDays
FNDA:0,formatWeekRange
DA:2,0
DA:3,0
DA:12,0
DA:13,0
DA:14,0
DA:15,0
DA:16,0
DA:17,0
DA:20,0
DA:21,0
DA:22,0
DA:24,0
DA:28,1
DA:29,1
DA:30,1
DA:31,1
DA:33,1
DA:38,0
DA:39,0
DA:40,0
DA:41,0
DA:42,0
DA:43,0
DA:45,0
DA:49,0
DA:50,0
DA:52,0
DA:53,0
DA:55,0
DA:56,0
DA:57,0
DA:58,0
DA:60,0
DA:61,0
DA:63,0
DA:64,0
DA:67,0
DA:68,0
DA:72,0
LF:39
LH:5
BRDA:14,0,0,0
BRDA:14,0,1,0
BRDA:48,1,0,0
BRDA:48,2,0,0
BRDA:63,3,0,0
BRDA:63,3,1,0
BRDA:63,4,0,0
BRDA:63,4,1,0
BRDA:64,5,0,0
BRDA:64,5,1,0
BRDA:67,6,0,0
BRDA:67,6,1,0
BRDA:68,7,0,0
BRDA:68,7,1,0
BRDA:72,8,0,0
BRDA:72,8,1,0
BRF:16
BRH:0
end_of_record
TN:
SF:src\utils\localStorageUtils.js
FN:2,(anonymous_0)
FN:8,(anonymous_1)
FN:13,loadMealTemplates
FN:17,saveMealTemplate
FNF:4
FNH:0
FNDA:0,(anonymous_0)
FNDA:0,(anonymous_1)
FNDA:0,loadMealTemplates
FNDA:0,saveMealTemplate
DA:2,0
DA:3,0
DA:4,0
DA:8,0
DA:9,0
DA:14,0
DA:18,0
DA:19,0
DA:24,0
DA:25,0
DA:26,0
LF:11
LH:0
BRDA:4,0,0,0
BRDA:4,0,1,0
BRDA:14,1,0,0
BRDA:14,1,1,0
BRF:4
BRH:0
end_of_record
